# JRE version: OpenJDK Runtime Environment (8.0_242-b01) (build 1.8.0_242-release-1644-b01)
# Java VM: OpenJDK 64-Bit Server VM (25.242-b01 mixed mode windows-amd64 compressed oops)
Heap:
 PSYoungGen      total 563712K, used 79992K [0x00000000d5580000, 0x0000000100000000, 0x0000000100000000)
  eden space 428544K, 14% used [0x00000000d5580000,0x00000000d91c0168,0x00000000ef800000)
  from space 135168K, 13% used [0x00000000ef800000,0x00000000f09de230,0x00000000f7c00000)
  to   space 130560K, 0% used [0x00000000f8080000,0x00000000f8080000,0x0000000100000000)
 ParOldGen       total 475648K, used 269405K [0x0000000080000000, 0x000000009d080000, 0x00000000d5580000)
  object space 475648K, 56% used [0x0000000080000000,0x00000000907175b8,0x000000009d080000)
 Metaspace       used 92447K, capacity 97196K, committed 98072K, reserved 1134592K
  class space    used 12231K, capacity 13122K, committed 13360K, reserved 1048576K
GC Heap History (10 events):
Event: 26.881 GC heap before
{Heap before GC invocations=54 (full 6):
 PSYoungGen      total 636928K, used 588760K [0x00000000d5580000, 0x00000000fff00000, 0x0000000100000000)
  eden space 578048K, 100% used [0x00000000d5580000,0x00000000f8a00000,0x00000000f8a00000)
  from space 58880K, 18% used [0x00000000f8a00000,0x00000000f9476030,0x00000000fc380000)
  to   space 57344K, 0% used [0x00000000fc700000,0x00000000fc700000,0x00000000fff00000)
 ParOldGen       total 271360K, used 162736K [0x0000000080000000, 0x0000000090900000, 0x00000000d5580000)
  object space 271360K, 59% used [0x0000000080000000,0x0000000089eec1d8,0x0000000090900000)
 Metaspace       used 86316K, capacity 90868K, committed 92568K, reserved 1128448K
  class space    used 11503K, capacity 12341K, committed 12720K, reserved 1048576K
Event: 26.897 GC heap after
Heap after GC invocations=54 (full 6):
 PSYoungGen      total 636416K, used 8736K [0x00000000d5580000, 0x00000000ffb80000, 0x0000000100000000)
  eden space 582656K, 0% used [0x00000000d5580000,0x00000000d5580000,0x00000000f8e80000)
  from space 53760K, 16% used [0x00000000fc700000,0x00000000fcf883d0,0x00000000ffb80000)
  to   space 55808K, 0% used [0x00000000f8e80000,0x00000000f8e80000,0x00000000fc500000)
 ParOldGen       total 271360K, used 168063K [0x0000000080000000, 0x0000000090900000, 0x00000000d5580000)
  object space 271360K, 61% used [0x0000000080000000,0x000000008a41fe88,0x0000000090900000)
 Metaspace       used 86316K, capacity 90868K, committed 92568K, reserved 1128448K
  class space    used 11503K, capacity 12341K, committed 12720K, reserved 1048576K
}
Event: 28.112 GC heap before
{Heap before GC invocations=55 (full 6):
 PSYoungGen      total 636416K, used 591392K [0x00000000d5580000, 0x00000000ffb80000, 0x0000000100000000)
  eden space 582656K, 100% used [0x00000000d5580000,0x00000000f8e80000,0x00000000f8e80000)
  from space 53760K, 16% used [0x00000000fc700000,0x00000000fcf883d0,0x00000000ffb80000)
  to   space 55808K, 0% used [0x00000000f8e80000,0x00000000f8e80000,0x00000000fc500000)
 ParOldGen       total 271360K, used 168063K [0x0000000080000000, 0x0000000090900000, 0x00000000d5580000)
  object space 271360K, 61% used [0x0000000080000000,0x000000008a41fe88,0x0000000090900000)
 Metaspace       used 86752K, capacity 91328K, committed 92824K, reserved 1130496K
  class space    used 11553K, capacity 12393K, committed 12720K, reserved 1048576K
Event: 28.144 GC heap after
Heap after GC invocations=55 (full 6):
 PSYoungGen      total 638464K, used 55776K [0x00000000d5580000, 0x0000000100000000, 0x0000000100000000)
  eden space 582656K, 0% used [0x00000000d5580000,0x00000000d5580000,0x00000000f8e80000)
  from space 55808K, 99% used [0x00000000f8e80000,0x00000000fc4f8118,0x00000000fc500000)
  to   space 60416K, 0% used [0x00000000fc500000,0x00000000fc500000,0x0000000100000000)
 ParOldGen       total 271360K, used 190054K [0x0000000080000000, 0x0000000090900000, 0x00000000d5580000)
  object space 271360K, 70% used [0x0000000080000000,0x000000008b999910,0x0000000090900000)
 Metaspace       used 86752K, capacity 91328K, committed 92824K, reserved 1130496K
  class space    used 11553K, capacity 12393K, committed 12720K, reserved 1048576K
}
Event: 30.616 GC heap before
{Heap before GC invocations=56 (full 6):
 PSYoungGen      total 638464K, used 638432K [0x00000000d5580000, 0x0000000100000000, 0x0000000100000000)
  eden space 582656K, 100% used [0x00000000d5580000,0x00000000f8e80000,0x00000000f8e80000)
  from space 55808K, 99% used [0x00000000f8e80000,0x00000000fc4f8118,0x00000000fc500000)
  to   space 60416K, 0% used [0x00000000fc500000,0x00000000fc500000,0x0000000100000000)
 ParOldGen       total 271360K, used 190054K [0x0000000080000000, 0x0000000090900000, 0x00000000d5580000)
  object space 271360K, 70% used [0x0000000080000000,0x000000008b999910,0x0000000090900000)
 Metaspace       used 87155K, capacity 91844K, committed 93080K, reserved 1130496K
  class space    used 11583K, capacity 12419K, committed 12720K, reserved 1048576K
Event: 30.749 GC heap after
Heap after GC invocations=56 (full 6):
 PSYoungGen      total 488960K, used 60398K [0x00000000d5580000, 0x0000000100000000, 0x0000000100000000)
  eden space 428544K, 0% used [0x00000000d5580000,0x00000000d5580000,0x00000000ef800000)
  from space 60416K, 99% used [0x00000000fc500000,0x00000000ffffb840,0x0000000100000000)
  to   space 135168K, 0% used [0x00000000ef800000,0x00000000ef800000,0x00000000f7c00000)
 ParOldGen       total 335872K, used 335099K [0x0000000080000000, 0x0000000094800000, 0x00000000d5580000)
  object space 335872K, 99% used [0x0000000080000000,0x000000009473ee20,0x0000000094800000)
 Metaspace       used 87155K, capacity 91844K, committed 93080K, reserved 1130496K
  class space    used 11583K, capacity 12419K, committed 12720K, reserved 1048576K
}
Event: 30.749 GC heap before
{Heap before GC invocations=57 (full 7):
 PSYoungGen      total 488960K, used 60398K [0x00000000d5580000, 0x0000000100000000, 0x0000000100000000)
  eden space 428544K, 0% used [0x00000000d5580000,0x00000000d5580000,0x00000000ef800000)
  from space 60416K, 99% used [0x00000000fc500000,0x00000000ffffb840,0x0000000100000000)
  to   space 135168K, 0% used [0x00000000ef800000,0x00000000ef800000,0x00000000f7c00000)
 ParOldGen       total 335872K, used 335099K [0x0000000080000000, 0x0000000094800000, 0x00000000d5580000)
  object space 335872K, 99% used [0x0000000080000000,0x000000009473ee20,0x0000000094800000)
 Metaspace       used 87155K, capacity 91844K, committed 93080K, reserved 1130496K
  class space    used 11583K, capacity 12419K, committed 12720K, reserved 1048576K
Event: 31.343 GC heap after
Heap after GC invocations=57 (full 7):
 PSYoungGen      total 488960K, used 0K [0x00000000d5580000, 0x0000000100000000, 0x0000000100000000)
  eden space 428544K, 0% used [0x00000000d5580000,0x00000000d5580000,0x00000000ef800000)
  from space 60416K, 0% used [0x00000000fc500000,0x00000000fc500000,0x0000000100000000)
  to   space 135168K, 0% used [0x00000000ef800000,0x00000000ef800000,0x00000000f7c00000)
 ParOldGen       total 475648K, used 269397K [0x0000000080000000, 0x000000009d080000, 0x00000000d5580000)
  object space 475648K, 56% used [0x0000000080000000,0x00000000907155b8,0x000000009d080000)
 Metaspace       used 87135K, capacity 91796K, committed 93080K, reserved 1130496K
  class space    used 11577K, capacity 12407K, committed 12720K, reserved 1048576K
}
Event: 33.352 GC heap before
{Heap before GC invocations=58 (full 7):
 PSYoungGen      total 488960K, used 428544K [0x00000000d5580000, 0x0000000100000000, 0x0000000100000000)
  eden space 428544K, 100% used [0x00000000d5580000,0x00000000ef800000,0x00000000ef800000)
  from space 60416K, 0% used [0x00000000fc500000,0x00000000fc500000,0x0000000100000000)
  to   space 135168K, 0% used [0x00000000ef800000,0x00000000ef800000,0x00000000f7c00000)
 ParOldGen       total 475648K, used 269397K [0x0000000080000000, 0x000000009d080000, 0x00000000d5580000)
  object space 475648K, 56% used [0x0000000080000000,0x00000000907155b8,0x000000009d080000)
 Metaspace       used 89350K, capacity 94034K, committed 95384K, reserved 1132544K
  class space    used 11810K, capacity 12684K, committed 12976K, reserved 1048576K
Event: 33.368 GC heap after
Heap after GC invocations=58 (full 7):
 PSYoungGen      total 563712K, used 18296K [0x00000000d5580000, 0x0000000100000000, 0x0000000100000000)
  eden space 428544K, 0% used [0x00000000d5580000,0x00000000d5580000,0x00000000ef800000)
  from space 135168K, 13% used [0x00000000ef800000,0x00000000f09de230,0x00000000f7c00000)
  to   space 130560K, 0% used [0x00000000f8080000,0x00000000f8080000,0x0000000100000000)
 ParOldGen       total 475648K, used 269405K [0x0000000080000000, 0x000000009d080000, 0x00000000d5580000)
  object space 475648K, 56% used [0x0000000080000000,0x00000000907175b8,0x000000009d080000)
 Metaspace       used 89350K, capacity 94034K, committed 95384K, reserved 1132544K
  class space    used 11810K, capacity 12684K, committed 12976K, reserved 1048576K
}

